Loaded VecNormalize stats from hexapod_walker/policies/walker_v2/vec_normalize.pkl
Loaded policy hexapod_walker/policies/walker_v2/walker_v2.zip
Trained-policy rollout.  Arrow keys / PgUp/PgDn drive the command.
  command:  vx=+0.30  vy=+0.00  ω=+0.00
  t=  0.02s  pos=( +0.00, +0.00,+0.19)  reward=+1.717
  t=  1.02s  pos=( +0.22, -0.00,+0.16)  reward=+2.300
  t=  2.04s  pos=( +0.50, +0.00,+0.16)  reward=+2.286
  t=  3.06s  pos=( +0.77, +0.01,+0.16)  reward=+2.267
  t=  4.08s  pos=( +1.05, +0.01,+0.16)  reward=+2.259
  t=  5.10s  pos=( +1.32, +0.01,+0.16)  reward=+2.258
  t=  6.12s  pos=( +1.59, +0.01,+0.17)  reward=+2.283
  t=  7.14s  pos=( +1.85, +0.01,+0.17)  reward=+2.296
  t=  8.16s  pos=( +2.12, +0.01,+0.18)  reward=+2.282
  t=  9.16s  pos=( +2.37, -0.00,+0.19)  reward=+2.289
  t= 10.16s  pos=( +2.62, -0.01,+0.20)  reward=+2.280
  t= 11.16s  pos=( +2.87, -0.01,+0.22)  reward=+2.258
  t= 12.16s  pos=( +3.12, -0.03,+0.23)  reward=+2.255
  t= 13.16s  pos=( +3.37, -0.04,+0.24)  reward=+2.280
  t= 14.16s  pos=( +3.63, -0.06,+0.24)  reward=+2.306
  t= 15.16s  pos=( +3.89, -0.06,+0.25)  reward=+2.237
  t= 16.16s  pos=( +4.14, -0.07,+0.25)  reward=+2.246
  t= 17.18s  pos=( +4.32, -0.08,+0.24)  reward=+2.025
  t= 18.20s  pos=( +4.41, -0.09,+0.25)  reward=+2.107
  t= 19.22s  pos=( +4.44, -0.10,+0.25)  reward=+2.018
  t= 20.24s  pos=( +4.46, -0.11,+0.26)  reward=+1.914
  t= 21.26s  pos=( +4.48, -0.12,+0.26)  reward=+1.892
  t= 22.28s  pos=( +4.50, -0.12,+0.26)  reward=+1.846
  t= 23.30s  pos=( +4.52, -0.13,+0.26)  reward=+1.756
  t= 24.32s  pos=( +4.53, -0.14,+0.26)  reward=+0.779
  t= 25.34s  pos=( +4.54, -0.15,+0.26)  reward=+1.726
  t= 26.36s  pos=( +4.55, -0.15,+0.26)  reward=+0.776
  t= 27.38s  pos=( +4.57, -0.16,+0.26)  reward=+1.017
  t= 28.40s  pos=( +4.58, -0.17,+0.27)  reward=+0.389
  t= 29.42s  pos=( +4.59, -0.18,+0.27)  reward=+1.408
  t= 30.44s  pos=( +4.59, -0.18,+0.27)  reward=+1.485
  t= 31.46s  pos=( +4.60, -0.19,+0.27)  reward=-0.106
  t= 32.46s  pos=( +4.62, -0.20,+0.27)  reward=+1.485
  t= 33.46s  pos=( +4.62, -0.20,+0.27)  reward=+1.386
  t= 34.46s  pos=( +4.63, -0.21,+0.27)  reward=-0.494
  t= 35.46s  pos=( +4.64, -0.21,+0.27)  reward=-0.523
  t= 36.46s  pos=( +4.64, -0.21,+0.27)  reward=+1.193
  t= 37.46s  pos=( +4.66, -0.22,+0.27)  reward=+0.019
  t= 38.46s  pos=( +4.66, -0.22,+0.27)  reward=+1.304
  t= 39.46s  pos=( +4.67, -0.23,+0.27)  reward=-1.335
  t= 40.46s  pos=( +4.68, -0.23,+0.27)  reward=-1.949
  t= 41.46s  pos=( +4.68, -0.24,+0.27)  reward=-3.271
  t= 42.46s  pos=( +4.69, -0.24,+0.27)  reward=+1.326
  t= 43.46s  pos=( +4.70, -0.25,+0.27)  reward=+1.360
  t= 44.46s  pos=( +4.70, -0.25,+0.27)  reward=+1.380
  t= 45.46s  pos=( +4.71, -0.26,+0.27)  reward=+1.549
  t= 46.46s  pos=( +4.72, -0.26,+0.27)  reward=+1.424
  t= 47.46s  pos=( +4.72, -0.26,+0.27)  reward=+1.044
  t= 48.46s  pos=( +4.73, -0.27,+0.27)  reward=+0.207
  command:  vx=+0.40  vy=+0.00  ω=+0.00
  t= 49.46s  pos=( +4.73, -0.27,+0.27)  reward=+1.386
  t= 50.46s  pos=( +4.73, -0.28,+0.27)  reward=+0.905
  t= 51.46s  pos=( +4.74, -0.28,+0.27)  reward=-0.137
  t= 52.46s  pos=( +4.75, -0.29,+0.27)  reward=+0.551
  command:  vx=+0.30  vy=+0.00  ω=+0.00
  t= 53.46s  pos=( +4.76, -0.30,+0.27)  reward=+1.569
  command:  vx=+0.30  vy=+0.10  ω=+0.00
  t= 54.46s  pos=( +4.77, -0.31,+0.28)  reward=+1.507
  t= 55.46s  pos=( +4.82, -0.29,+0.28)  reward=+0.475
  command:  vx=+0.30  vy=+0.00  ω=+0.00
  t= 56.46s  pos=( +4.85, -0.26,+0.27)  reward=+1.567
  t= 57.46s  pos=( +4.86, -0.27,+0.27)  reward=+1.449
  t= 58.46s  pos=( +4.86, -0.27,+0.27)  reward=+1.511
  t= 59.46s  pos=( +4.87, -0.28,+0.27)  reward=+1.501
  t= 60.46s  pos=( +4.88, -0.28,+0.28)  reward=+1.493
  t= 61.46s  pos=( +4.89, -0.29,+0.27)  reward=+1.622
  t= 62.46s  pos=( +4.90, -0.29,+0.28)  reward=+0.571
  t= 63.46s  pos=( +4.90, -0.30,+0.27)  reward=+1.436
  t= 64.48s  pos=( +4.91, -0.30,+0.27)  reward=+0.652
  t= 65.50s  pos=( +4.91, -0.30,+0.27)  reward=+0.315
  t= 66.52s  pos=( +4.91, -0.31,+0.27)  reward=-0.503
  t= 67.54s  pos=( +4.92, -0.31,+0.27)  reward=+1.190
  t= 68.56s  pos=( +4.93, -0.31,+0.27)  reward=+0.206
  t= 69.58s  pos=( +4.94, -0.32,+0.27)  reward=+1.785
  t= 70.60s  pos=( +4.95, -0.32,+0.27)  reward=+1.491
  t= 71.62s  pos=( +4.96, -0.33,+0.27)  reward=+0.697
  t= 72.64s  pos=( +4.97, -0.34,+0.27)  reward=+0.232
  t= 73.66s  pos=( +4.98, -0.34,+0.27)  reward=+0.547
  t= 74.68s  pos=( +4.99, -0.35,+0.27)  reward=+1.611
  t= 75.70s  pos=( +5.00, -0.35,+0.27)  reward=+0.441
  t= 76.72s  pos=( +5.00, -0.36,+0.28)  reward=+0.184
  t= 77.74s  pos=( +5.00, -0.36,+0.28)  reward=+1.265
  t= 78.76s  pos=( +5.01, -0.37,+0.28)  reward=+0.914
  t= 79.78s  pos=( +5.01, -0.37,+0.29)  reward=+0.955
  t= 80.80s  pos=( +5.01, -0.38,+0.29)  reward=+1.190
  t= 81.82s  pos=( +5.01, -0.38,+0.29)  reward=+0.179
  t= 82.84s  pos=( +5.01, -0.39,+0.29)  reward=-0.243
  command:  vx=+0.30  vy=+0.10  ω=+0.00
  t= 83.86s  pos=( +5.04, -0.39,+0.30)  reward=+1.293
  t= 84.88s  pos=( +5.08, -0.38,+0.30)  reward=+0.027
  command:  vx=+0.30  vy=+0.00  ω=+0.00
  t= 85.90s  pos=( +5.09, -0.37,+0.29)  reward=+0.926
  t= 86.92s  pos=( +5.09, -0.38,+0.28)  reward=-0.878
  t= 87.94s  pos=( +5.10, -0.39,+0.28)  reward=-0.667
  t= 88.96s  pos=( +5.10, -0.39,+0.28)  reward=+1.514
  t= 89.98s  pos=( +5.12, -0.40,+0.28)  reward=+0.249
  t= 91.00s  pos=( +5.12, -0.41,+0.28)  reward=+0.968
  t= 92.02s  pos=( +5.12, -0.41,+0.28)  reward=+0.584
  t= 93.04s  pos=( +5.14, -0.42,+0.27)  reward=+0.608
  t= 94.06s  pos=( +5.15, -0.42,+0.27)  reward=+1.528
  t= 95.08s  pos=( +5.15, -0.43,+0.28)  reward=+1.839
  t= 96.10s  pos=( +5.17, -0.44,+0.27)  reward=+1.886
  t= 97.12s  pos=( +5.19, -0.45,+0.28)  reward=+1.846
  t= 98.14s  pos=( +5.19, -0.45,+0.28)  reward=+1.911
  t= 99.16s  pos=( +5.21, -0.46,+0.28)  reward=+1.886
  t=100.18s  pos=( +5.22, -0.47,+0.28)  reward=+1.302
  t=101.20s  pos=( +5.23, -0.47,+0.28)  reward=+1.033
  t=102.22s  pos=( +5.24, -0.48,+0.28)  reward=+1.758
  command:  vx=+0.40  vy=+0.00  ω=+0.00
  t=103.24s  pos=( +5.25, -0.49,+0.28)  reward=+1.495
  t=104.26s  pos=( +5.25, -0.49,+0.27)  reward=-0.298
  t=105.28s  pos=( +5.26, -0.50,+0.28)  reward=+0.713
  t=106.30s  pos=( +5.26, -0.51,+0.28)  reward=+1.412
  t=107.32s  pos=( +5.28, -0.51,+0.28)  reward=+1.296
  t=108.34s  pos=( +5.29, -0.52,+0.29)  reward=+1.321
  t=109.36s  pos=( +5.30, -0.53,+0.29)  reward=+1.139
  t=110.38s  pos=( +5.31, -0.54,+0.29)  reward=+1.228
  t=111.40s  pos=( +5.32, -0.55,+0.29)  reward=+1.252
  t=112.42s  pos=( +5.33, -0.56,+0.30)  reward=-0.086
  t=113.44s  pos=( +5.35, -0.58,+0.30)  reward=+1.394
  t=114.46s  pos=( +5.36, -0.59,+0.30)  reward=+1.600
  t=115.48s  pos=( +5.37, -0.60,+0.29)  reward=+1.224
  t=116.50s  pos=( +5.38, -0.61,+0.29)  reward=+1.706
  t=117.52s  pos=( +5.40, -0.62,+0.29)  reward=+1.691
  t=118.54s  pos=( +5.41, -0.63,+0.29)  reward=-3.070
  command:  vx=+0.40  vy=+0.10  ω=+0.00
  t=119.56s  pos=( +5.42, -0.64,+0.29)  reward=-1.041
  t=120.58s  pos=( +5.44, -0.65,+0.30)  reward=+0.261
  t=121.60s  pos=( +5.48, -0.64,+0.30)  reward=-0.464
  t=122.62s  pos=( +5.52, -0.64,+0.30)  reward=-2.993
  t=123.64s  pos=( +5.56, -0.64,+0.30)  reward=+1.182
  t=124.66s  pos=( +5.60, -0.64,+0.30)  reward=-0.295
  t=125.68s  pos=( +5.64, -0.64,+0.30)  reward=+1.384
  t=126.70s  pos=( +5.68, -0.65,+0.31)  reward=-0.476
  t=127.72s  pos=( +5.71, -0.65,+0.31)  reward=+0.776
  t=128.72s  pos=( +5.75, -0.66,+0.31)  reward=-0.106
  t=129.72s  pos=( +5.79, -0.67,+0.31)  reward=+1.487
  t=130.72s  pos=( +5.83, -0.68,+0.31)  reward=+1.281
  t=131.72s  pos=( +5.87, -0.69,+0.31)  reward=-0.857
  t=132.72s  pos=( +5.90, -0.70,+0.31)  reward=+1.535
  t=133.72s  pos=( +5.93, -0.71,+0.31)  reward=+0.166
  t=134.72s  pos=( +5.96, -0.72,+0.31)  reward=-1.299
  t=135.72s  pos=( +5.99, -0.73,+0.32)  reward=+0.690
  t=136.72s  pos=( +6.02, -0.73,+0.31)  reward=+0.668
  t=137.72s  pos=( +6.05, -0.74,+0.32)  reward=+1.134
  t=138.72s  pos=( +6.07, -0.75,+0.32)  reward=-1.105
  t=139.72s  pos=( +6.10, -0.76,+0.32)  reward=+0.212
  t=140.72s  pos=( +6.13, -0.77,+0.32)  reward=+0.327
  t=141.72s  pos=( +6.15, -0.77,+0.32)  reward=+1.215
  t=142.72s  pos=( +6.17, -0.78,+0.32)  reward=+0.957
  t=143.72s  pos=( +6.20, -0.78,+0.32)  reward=+0.814
  t=144.72s  pos=( +6.22, -0.79,+0.32)  reward=+1.136
  t=145.72s  pos=( +6.24, -0.80,+0.32)  reward=+1.212
  t=146.72s  pos=( +6.27, -0.81,+0.32)  reward=+0.367
  t=147.72s  pos=( +6.30, -0.82,+0.32)  reward=-0.969
  t=148.72s  pos=( +6.33, -0.82,+0.32)  reward=+0.980
  t=149.72s  pos=( +6.36, -0.83,+0.32)  reward=+1.409
