Run dir: /Users/lukas/weird_objects/hexapod_walker/policies/walker_v2
Using cpu device
Logging to /Users/lukas/weird_objects/hexapod_walker/policies/walker_v2
Training 1000000 steps across 8 parallel envs ...
---------------------------------
| rollout/           |          |
|    ep_len_mean     | 300      |
|    ep_rew_mean     | 443      |
| time/              |          |
|    fps             | 5891     |
|    iterations      | 1        |
|    time_elapsed    | 2        |
|    total_timesteps | 16384    |
---------------------------------
-----------------------------------------
| rollout/                |             |
|    ep_len_mean          | 300         |
|    ep_rew_mean          | 447         |
| time/                   |             |
|    fps                  | 5489        |
|    iterations           | 2           |
|    time_elapsed         | 5           |
|    total_timesteps      | 32768       |
| train/                  |             |
|    approx_kl            | 0.028405085 |
|    clip_fraction        | 0.337       |
|    clip_range           | 0.2         |
|    entropy_loss         | 1.46        |
|    explained_variance   | -0.341      |
|    learning_rate        | 0.0003      |
|    loss                 | 0.209       |
|    n_updates            | 10          |
|    policy_gradient_loss | -0.0169     |
|    std                  | 0.223       |
|    value_loss           | 0.272       |
-----------------------------------------
-----------------------------------------
| rollout/                |             |
|    ep_len_mean          | 300         |
|    ep_rew_mean          | 437         |
| time/                   |             |
|    fps                  | 5381        |
|    iterations           | 3           |
|    time_elapsed         | 9           |
|    total_timesteps      | 49152       |
| train/                  |             |
|    approx_kl            | 0.027039433 |
|    clip_fraction        | 0.321       |
|    clip_range           | 0.2         |
|    entropy_loss         | 1.49        |
|    explained_variance   | 0.312       |
|    learning_rate        | 0.0003      |
|    loss                 | -0.0205     |
|    n_updates            | 20          |
|    policy_gradient_loss | -0.0194     |
|    std                  | 0.223       |
|    value_loss           | 0.0349      |
-----------------------------------------
-----------------------------------------
| rollout/                |             |
|    ep_len_mean          | 300         |
|    ep_rew_mean          | 431         |
| time/                   |             |
|    fps                  | 5312        |
|    iterations           | 4           |
|    time_elapsed         | 12          |
|    total_timesteps      | 65536       |
| train/                  |             |
|    approx_kl            | 0.027710259 |
|    clip_fraction        | 0.326       |
|    clip_range           | 0.2         |
|    entropy_loss         | 1.52        |
|    explained_variance   | 0.611       |
|    learning_rate        | 0.0003      |
|    loss                 | -0.023      |
|    n_updates            | 30          |
|    policy_gradient_loss | -0.0204     |
|    std                  | 0.222       |
|    value_loss           | 0.026       |
-----------------------------------------
-----------------------------------------
| rollout/                |             |
|    ep_len_mean          | 300         |
|    ep_rew_mean          | 442         |
| time/                   |             |
|    fps                  | 5274        |
|    iterations           | 5           |
|    time_elapsed         | 15          |
|    total_timesteps      | 81920       |
| train/                  |             |
|    approx_kl            | 0.028012097 |
|    clip_fraction        | 0.332       |
|    clip_range           | 0.2         |
|    entropy_loss         | 1.53        |
|    explained_variance   | 0.796       |
|    learning_rate        | 0.0003      |
|    loss                 | -0.0295     |
|    n_updates            | 40          |
|    policy_gradient_loss | -0.023      |
|    std                  | 0.222       |
|    value_loss           | 0.0235      |
-----------------------------------------
-----------------------------------------
| rollout/                |             |
|    ep_len_mean          | 300         |
|    ep_rew_mean          | 455         |
| time/                   |             |
|    fps                  | 5287        |
|    iterations           | 6           |
|    time_elapsed         | 18          |
|    total_timesteps      | 98304       |
| train/                  |             |
|    approx_kl            | 0.029784894 |
|    clip_fraction        | 0.339       |
|    clip_range           | 0.2         |
|    entropy_loss         | 1.53        |
|    explained_variance   | 0.798       |
|    learning_rate        | 0.0003      |
|    loss                 | -0.017      |
|    n_updates            | 50          |
|    policy_gradient_loss | -0.0216     |
|    std                  | 0.222       |
|    value_loss           | 0.0196      |
-----------------------------------------
----------------------------------------
| rollout/                |            |
|    ep_len_mean          | 300        |
|    ep_rew_mean          | 450        |
| time/                   |            |
|    fps                  | 5280       |
|    iterations           | 7          |
|    time_elapsed         | 21         |
|    total_timesteps      | 114688     |
| train/                  |            |
|    approx_kl            | 0.02770118 |
|    clip_fraction        | 0.334      |
|    clip_range           | 0.2        |
|    entropy_loss         | 1.55       |
|    explained_variance   | 0.872      |
|    learning_rate        | 0.0003     |
|    loss                 | -0.0286    |
|    n_updates            | 60         |
|    policy_gradient_loss | -0.0227    |
|    std                  | 0.222      |
|    value_loss           | 0.0171     |
----------------------------------------
-----------------------------------------
| rollout/                |             |
|    ep_len_mean          | 300         |
|    ep_rew_mean          | 442         |
| time/                   |             |
|    fps                  | 4979        |
|    iterations           | 8           |
|    time_elapsed         | 26          |
|    total_timesteps      | 131072      |
| train/                  |             |
|    approx_kl            | 0.032815285 |
|    clip_fraction        | 0.35        |
|    clip_range           | 0.2         |
|    entropy_loss         | 1.6         |
|    explained_variance   | 0.912       |
|    learning_rate        | 0.0003      |
|    loss                 | -0.0257     |
|    n_updates            | 70          |
|    policy_gradient_loss | -0.0248     |
|    std                  | 0.221       |
|    value_loss           | 0.0149      |
-----------------------------------------
-----------------------------------------
| rollout/                |             |
|    ep_len_mean          | 300         |
|    ep_rew_mean          | 438         |
| time/                   |             |
|    fps                  | 4631        |
|    iterations           | 9           |
|    time_elapsed         | 31          |
|    total_timesteps      | 147456      |
| train/                  |             |
|    approx_kl            | 0.032464005 |
|    clip_fraction        | 0.357       |
|    clip_range           | 0.2         |
|    entropy_loss         | 1.62        |
|    explained_variance   | 0.913       |
|    learning_rate        | 0.0003      |
|    loss                 | -0.0235     |
|    n_updates            | 80          |
|    policy_gradient_loss | -0.024      |
|    std                  | 0.221       |
|    value_loss           | 0.0125      |
-----------------------------------------
-----------------------------------------
| rollout/                |             |
|    ep_len_mean          | 300         |
|    ep_rew_mean          | 451         |
| time/                   |             |
|    fps                  | 4438        |
|    iterations           | 10          |
|    time_elapsed         | 36          |
|    total_timesteps      | 163840      |
| train/                  |             |
|    approx_kl            | 0.031826846 |
|    clip_fraction        | 0.356       |
|    clip_range           | 0.2         |
|    entropy_loss         | 1.65        |
|    explained_variance   | 0.936       |
|    learning_rate        | 0.0003      |
|    loss                 | -0.0283     |
|    n_updates            | 90          |
|    policy_gradient_loss | -0.0235     |
|    std                  | 0.221       |
|    value_loss           | 0.0113      |
-----------------------------------------
----------------------------------------
| rollout/                |            |
|    ep_len_mean          | 300        |
|    ep_rew_mean          | 447        |
| time/                   |            |
|    fps                  | 4268       |
|    iterations           | 11         |
|    time_elapsed         | 42         |
|    total_timesteps      | 180224     |
| train/                  |            |
|    approx_kl            | 0.03086689 |
|    clip_fraction        | 0.363      |
|    clip_range           | 0.2        |
|    entropy_loss         | 1.68       |
|    explained_variance   | 0.952      |
|    learning_rate        | 0.0003     |
|    loss                 | -0.0296    |
|    n_updates            | 100        |
|    policy_gradient_loss | -0.0238    |
|    std                  | 0.22       |
|    value_loss           | 0.00962    |
----------------------------------------
-----------------------------------------
| rollout/                |             |
|    ep_len_mean          | 300         |
|    ep_rew_mean          | 448         |
| time/                   |             |
|    fps                  | 4150        |
|    iterations           | 12          |
|    time_elapsed         | 47          |
|    total_timesteps      | 196608      |
| train/                  |             |
|    approx_kl            | 0.032892715 |
|    clip_fraction        | 0.366       |
|    clip_range           | 0.2         |
|    entropy_loss         | 1.72        |
|    explained_variance   | 0.949       |
|    learning_rate        | 0.0003      |
|    loss                 | -0.0342     |
|    n_updates            | 110         |
|    policy_gradient_loss | -0.0247     |
|    std                  | 0.22        |
|    value_loss           | 0.00879     |
-----------------------------------------
-----------------------------------------
| rollout/                |             |
|    ep_len_mean          | 300         |
|    ep_rew_mean          | 457         |
| time/                   |             |
|    fps                  | 4063        |
|    iterations           | 13          |
|    time_elapsed         | 52          |
|    total_timesteps      | 212992      |
| train/                  |             |
|    approx_kl            | 0.031826735 |
|    clip_fraction        | 0.369       |
|    clip_range           | 0.2         |
|    entropy_loss         | 1.75        |
|    explained_variance   | 0.97        |
|    learning_rate        | 0.0003      |
|    loss                 | -0.0326     |
|    n_updates            | 120         |
|    policy_gradient_loss | -0.0243     |
|    std                  | 0.22        |
|    value_loss           | 0.00797     |
-----------------------------------------
----------------------------------------
| rollout/                |            |
|    ep_len_mean          | 300        |
|    ep_rew_mean          | 460        |
| time/                   |            |
|    fps                  | 3974       |
|    iterations           | 14         |
|    time_elapsed         | 57         |
|    total_timesteps      | 229376     |
| train/                  |            |
|    approx_kl            | 0.03519015 |
|    clip_fraction        | 0.372      |
|    clip_range           | 0.2        |
|    entropy_loss         | 1.77       |
|    explained_variance   | 0.973      |
|    learning_rate        | 0.0003     |
|    loss                 | -0.0412    |
|    n_updates            | 130        |
|    policy_gradient_loss | -0.0263    |
|    std                  | 0.219      |
|    value_loss           | 0.00639    |
----------------------------------------
-----------------------------------------
| rollout/                |             |
|    ep_len_mean          | 300         |
|    ep_rew_mean          | 437         |
| time/                   |             |
|    fps                  | 3907        |
|    iterations           | 15          |
|    time_elapsed         | 62          |
|    total_timesteps      | 245760      |
| train/                  |             |
|    approx_kl            | 0.034936838 |
|    clip_fraction        | 0.385       |
|    clip_range           | 0.2         |
|    entropy_loss         | 1.8         |
|    explained_variance   | 0.969       |
|    learning_rate        | 0.0003      |
|    loss                 | -0.036      |
|    n_updates            | 140         |
|    policy_gradient_loss | -0.0244     |
|    std                  | 0.219       |
|    value_loss           | 0.00742     |
-----------------------------------------
----------------------------------------
| rollout/                |            |
|    ep_len_mean          | 300        |
|    ep_rew_mean          | 467        |
| time/                   |            |
|    fps                  | 3856       |
|    iterations           | 16         |
|    time_elapsed         | 67         |
|    total_timesteps      | 262144     |
| train/                  |            |
|    approx_kl            | 0.03424023 |
|    clip_fraction        | 0.37       |
|    clip_range           | 0.2        |
|    entropy_loss         | 1.84       |
|    explained_variance   | 0.968      |
|    learning_rate        | 0.0003     |
|    loss                 | -0.045     |
|    n_updates            | 150        |
|    policy_gradient_loss | -0.0256    |
|    std                  | 0.218      |
|    value_loss           | 0.00596    |
----------------------------------------
----------------------------------------
| rollout/                |            |
|    ep_len_mean          | 300        |
|    ep_rew_mean          | 484        |
| time/                   |            |
|    fps                  | 3812       |
|    iterations           | 17         |
|    time_elapsed         | 73         |
|    total_timesteps      | 278528     |
| train/                  |            |
|    approx_kl            | 0.03295598 |
|    clip_fraction        | 0.373      |
|    clip_range           | 0.2        |
|    entropy_loss         | 1.86       |
|    explained_variance   | 0.979      |
|    learning_rate        | 0.0003     |
|    loss                 | -0.0333    |
|    n_updates            | 160        |
|    policy_gradient_loss | -0.0251    |
|    std                  | 0.218      |
|    value_loss           | 0.0058     |
----------------------------------------
-----------------------------------------
| rollout/                |             |
|    ep_len_mean          | 300         |
|    ep_rew_mean          | 481         |
| time/                   |             |
|    fps                  | 3776        |
|    iterations           | 18          |
|    time_elapsed         | 78          |
|    total_timesteps      | 294912      |
| train/                  |             |
|    approx_kl            | 0.037833214 |
|    clip_fraction        | 0.382       |
|    clip_range           | 0.2         |
|    entropy_loss         | 1.9         |
|    explained_variance   | 0.983       |
|    learning_rate        | 0.0003      |
|    loss                 | -0.0444     |
|    n_updates            | 170         |
|    policy_gradient_loss | -0.0264     |
|    std                  | 0.218       |
|    value_loss           | 0.00476     |
-----------------------------------------
-----------------------------------------
| rollout/                |             |
|    ep_len_mean          | 300         |
|    ep_rew_mean          | 460         |
| time/                   |             |
|    fps                  | 3740        |
|    iterations           | 19          |
|    time_elapsed         | 83          |
|    total_timesteps      | 311296      |
| train/                  |             |
|    approx_kl            | 0.035488844 |
|    clip_fraction        | 0.389       |
|    clip_range           | 0.2         |
|    entropy_loss         | 1.95        |
|    explained_variance   | 0.986       |
|    learning_rate        | 0.0003      |
|    loss                 | -0.03       |
|    n_updates            | 180         |
|    policy_gradient_loss | -0.0243     |
|    std                  | 0.217       |
|    value_loss           | 0.0046      |
-----------------------------------------
-----------------------------------------
| rollout/                |             |
|    ep_len_mean          | 300         |
|    ep_rew_mean          | 466         |
| time/                   |             |
|    fps                  | 3712        |
|    iterations           | 20          |
|    time_elapsed         | 88          |
|    total_timesteps      | 327680      |
| train/                  |             |
|    approx_kl            | 0.037775595 |
|    clip_fraction        | 0.394       |
|    clip_range           | 0.2         |
|    entropy_loss         | 2           |
|    explained_variance   | 0.983       |
|    learning_rate        | 0.0003      |
|    loss                 | -0.0226     |
|    n_updates            | 190         |
|    policy_gradient_loss | -0.0235     |
|    std                  | 0.216       |
|    value_loss           | 0.00499     |
-----------------------------------------
-----------------------------------------
| rollout/                |             |
|    ep_len_mean          | 300         |
|    ep_rew_mean          | 475         |
| time/                   |             |
|    fps                  | 3683        |
|    iterations           | 21          |
|    time_elapsed         | 93          |
|    total_timesteps      | 344064      |
| train/                  |             |
|    approx_kl            | 0.035905823 |
|    clip_fraction        | 0.38        |
|    clip_range           | 0.2         |
|    entropy_loss         | 2.01        |
|    explained_variance   | 0.987       |
|    learning_rate        | 0.0003      |
|    loss                 | -0.0503     |
|    n_updates            | 200         |
|    policy_gradient_loss | -0.0263     |
|    std                  | 0.216       |
|    value_loss           | 0.00476     |
-----------------------------------------
-----------------------------------------
| rollout/                |             |
|    ep_len_mean          | 300         |
|    ep_rew_mean          | 460         |
| time/                   |             |
|    fps                  | 3655        |
|    iterations           | 22          |
|    time_elapsed         | 98          |
|    total_timesteps      | 360448      |
| train/                  |             |
|    approx_kl            | 0.038420826 |
|    clip_fraction        | 0.394       |
|    clip_range           | 0.2         |
|    entropy_loss         | 2.02        |
|    explained_variance   | 0.986       |
|    learning_rate        | 0.0003      |
|    loss                 | -0.0233     |
|    n_updates            | 210         |
|    policy_gradient_loss | -0.0256     |
|    std                  | 0.216       |
|    value_loss           | 0.00464     |
-----------------------------------------
-----------------------------------------
| rollout/                |             |
|    ep_len_mean          | 300         |
|    ep_rew_mean          | 461         |
| time/                   |             |
|    fps                  | 3626        |
|    iterations           | 23          |
|    time_elapsed         | 103         |
|    total_timesteps      | 376832      |
| train/                  |             |
|    approx_kl            | 0.040096864 |
|    clip_fraction        | 0.398       |
|    clip_range           | 0.2         |
|    entropy_loss         | 2.05        |
|    explained_variance   | 0.982       |
|    learning_rate        | 0.0003      |
|    loss                 | -0.0387     |
|    n_updates            | 220         |
|    policy_gradient_loss | -0.0251     |
|    std                  | 0.216       |
|    value_loss           | 0.00506     |
-----------------------------------------
----------------------------------------
| rollout/                |            |
|    ep_len_mean          | 300        |
|    ep_rew_mean          | 475        |
| time/                   |            |
|    fps                  | 3598       |
|    iterations           | 24         |
|    time_elapsed         | 109        |
|    total_timesteps      | 393216     |
| train/                  |            |
|    approx_kl            | 0.03841377 |
|    clip_fraction        | 0.401      |
|    clip_range           | 0.2        |
|    entropy_loss         | 2.07       |
|    explained_variance   | 0.986      |
|    learning_rate        | 0.0003     |
|    loss                 | -0.0342    |
|    n_updates            | 230        |
|    policy_gradient_loss | -0.0265    |
|    std                  | 0.216      |
|    value_loss           | 0.00373    |
----------------------------------------
-----------------------------------------
| rollout/                |             |
|    ep_len_mean          | 300         |
|    ep_rew_mean          | 482         |
| time/                   |             |
|    fps                  | 3571        |
|    iterations           | 25          |
|    time_elapsed         | 114         |
|    total_timesteps      | 409600      |
| train/                  |             |
|    approx_kl            | 0.040360637 |
|    clip_fraction        | 0.4         |
|    clip_range           | 0.2         |
|    entropy_loss         | 2.12        |
|    explained_variance   | 0.988       |
|    learning_rate        | 0.0003      |
|    loss                 | -0.044      |
|    n_updates            | 240         |
|    policy_gradient_loss | -0.0251     |
|    std                  | 0.215       |
|    value_loss           | 0.00409     |
-----------------------------------------
-----------------------------------------
| rollout/                |             |
|    ep_len_mean          | 300         |
|    ep_rew_mean          | 471         |
| time/                   |             |
|    fps                  | 3560        |
|    iterations           | 26          |
|    time_elapsed         | 119         |
|    total_timesteps      | 425984      |
| train/                  |             |
|    approx_kl            | 0.038953073 |
|    clip_fraction        | 0.402       |
|    clip_range           | 0.2         |
|    entropy_loss         | 2.14        |
|    explained_variance   | 0.991       |
|    learning_rate        | 0.0003      |
|    loss                 | -0.0425     |
|    n_updates            | 250         |
|    policy_gradient_loss | -0.0263     |
|    std                  | 0.215       |
|    value_loss           | 0.00359     |
-----------------------------------------
-----------------------------------------
| rollout/                |             |
|    ep_len_mean          | 300         |
|    ep_rew_mean          | 466         |
| time/                   |             |
|    fps                  | 3564        |
|    iterations           | 27          |
|    time_elapsed         | 124         |
|    total_timesteps      | 442368      |
| train/                  |             |
|    approx_kl            | 0.042739548 |
|    clip_fraction        | 0.412       |
|    clip_range           | 0.2         |
|    entropy_loss         | 2.17        |
|    explained_variance   | 0.987       |
|    learning_rate        | 0.0003      |
|    loss                 | -0.0448     |
|    n_updates            | 260         |
|    policy_gradient_loss | -0.0244     |
|    std                  | 0.214       |
|    value_loss           | 0.00405     |
-----------------------------------------
-----------------------------------------
| rollout/                |             |
|    ep_len_mean          | 300         |
|    ep_rew_mean          | 477         |
| time/                   |             |
|    fps                  | 3567        |
|    iterations           | 28          |
|    time_elapsed         | 128         |
|    total_timesteps      | 458752      |
| train/                  |             |
|    approx_kl            | 0.042496283 |
|    clip_fraction        | 0.414       |
|    clip_range           | 0.2         |
|    entropy_loss         | 2.21        |
|    explained_variance   | 0.988       |
|    learning_rate        | 0.0003      |
|    loss                 | -0.0451     |
|    n_updates            | 270         |
|    policy_gradient_loss | -0.0259     |
|    std                  | 0.214       |
|    value_loss           | 0.004       |
-----------------------------------------
-----------------------------------------
| rollout/                |             |
|    ep_len_mean          | 300         |
|    ep_rew_mean          | 482         |
| time/                   |             |
|    fps                  | 3565        |
|    iterations           | 29          |
|    time_elapsed         | 133         |
|    total_timesteps      | 475136      |
| train/                  |             |
|    approx_kl            | 0.040036526 |
|    clip_fraction        | 0.414       |
|    clip_range           | 0.2         |
|    entropy_loss         | 2.26        |
|    explained_variance   | 0.989       |
|    learning_rate        | 0.0003      |
|    loss                 | -0.0393     |
|    n_updates            | 280         |
|    policy_gradient_loss | -0.0258     |
|    std                  | 0.213       |
|    value_loss           | 0.00316     |
-----------------------------------------
-----------------------------------------
| rollout/                |             |
|    ep_len_mean          | 300         |
|    ep_rew_mean          | 472         |
| time/                   |             |
|    fps                  | 3560        |
|    iterations           | 30          |
|    time_elapsed         | 138         |
|    total_timesteps      | 491520      |
| train/                  |             |
|    approx_kl            | 0.041195057 |
|    clip_fraction        | 0.415       |
|    clip_range           | 0.2         |
|    entropy_loss         | 2.29        |
|    explained_variance   | 0.989       |
|    learning_rate        | 0.0003      |
|    loss                 | -0.0388     |
|    n_updates            | 290         |
|    policy_gradient_loss | -0.0266     |
|    std                  | 0.213       |
|    value_loss           | 0.00338     |
-----------------------------------------
---------------------------------------
| rollout/                |           |
|    ep_len_mean          | 300       |
|    ep_rew_mean          | 475       |
| time/                   |           |
|    fps                  | 3564      |
|    iterations           | 31        |
|    time_elapsed         | 142       |
|    total_timesteps      | 507904    |
| train/                  |           |
|    approx_kl            | 0.0437534 |
|    clip_fraction        | 0.418     |
|    clip_range           | 0.2       |
|    entropy_loss         | 2.32      |
|    explained_variance   | 0.991     |
|    learning_rate        | 0.0003    |
|    loss                 | -0.0496   |
|    n_updates            | 300       |
|    policy_gradient_loss | -0.0251   |
|    std                  | 0.213     |
|    value_loss           | 0.00369   |
---------------------------------------
-----------------------------------------
| rollout/                |             |
|    ep_len_mean          | 300         |
|    ep_rew_mean          | 499         |
| time/                   |             |
|    fps                  | 3565        |
|    iterations           | 32          |
|    time_elapsed         | 147         |
|    total_timesteps      | 524288      |
| train/                  |             |
|    approx_kl            | 0.040344886 |
|    clip_fraction        | 0.415       |
|    clip_range           | 0.2         |
|    entropy_loss         | 2.35        |
|    explained_variance   | 0.988       |
|    learning_rate        | 0.0003      |
|    loss                 | -0.0388     |
|    n_updates            | 310         |
|    policy_gradient_loss | -0.0242     |
|    std                  | 0.212       |
|    value_loss           | 0.00295     |
-----------------------------------------
----------------------------------------
| rollout/                |            |
|    ep_len_mean          | 300        |
|    ep_rew_mean          | 490        |
| time/                   |            |
|    fps                  | 3568       |
|    iterations           | 33         |
|    time_elapsed         | 151        |
|    total_timesteps      | 540672     |
| train/                  |            |
|    approx_kl            | 0.04288078 |
|    clip_fraction        | 0.427      |
|    clip_range           | 0.2        |
|    entropy_loss         | 2.4        |
|    explained_variance   | 0.99       |
|    learning_rate        | 0.0003     |
|    loss                 | -0.0436    |
|    n_updates            | 320        |
|    policy_gradient_loss | -0.0265    |
|    std                  | 0.212      |
|    value_loss           | 0.00268    |
----------------------------------------
----------------------------------------
| rollout/                |            |
|    ep_len_mean          | 300        |
|    ep_rew_mean          | 476        |
| time/                   |            |
|    fps                  | 3566       |
|    iterations           | 34         |
|    time_elapsed         | 156        |
|    total_timesteps      | 557056     |
| train/                  |            |
|    approx_kl            | 0.04473575 |
|    clip_fraction        | 0.427      |
|    clip_range           | 0.2        |
|    entropy_loss         | 2.46       |
|    explained_variance   | 0.993      |
|    learning_rate        | 0.0003     |
|    loss                 | -0.0453    |
|    n_updates            | 330        |
|    policy_gradient_loss | -0.0265    |
|    std                  | 0.211      |
|    value_loss           | 0.00318    |
----------------------------------------
-----------------------------------------
| rollout/                |             |
|    ep_len_mean          | 300         |
|    ep_rew_mean          | 482         |
| time/                   |             |
|    fps                  | 3568        |
|    iterations           | 35          |
|    time_elapsed         | 160         |
|    total_timesteps      | 573440      |
| train/                  |             |
|    approx_kl            | 0.043617405 |
|    clip_fraction        | 0.42        |
|    clip_range           | 0.2         |
|    entropy_loss         | 2.49        |
|    explained_variance   | 0.99        |
|    learning_rate        | 0.0003      |
|    loss                 | -0.0329     |
|    n_updates            | 340         |
|    policy_gradient_loss | -0.0248     |
|    std                  | 0.211       |
|    value_loss           | 0.00346     |
-----------------------------------------
-----------------------------------------
| rollout/                |             |
|    ep_len_mean          | 300         |
|    ep_rew_mean          | 489         |
| time/                   |             |
|    fps                  | 3571        |
|    iterations           | 36          |
|    time_elapsed         | 165         |
|    total_timesteps      | 589824      |
| train/                  |             |
|    approx_kl            | 0.046040416 |
|    clip_fraction        | 0.429       |
|    clip_range           | 0.2         |
|    entropy_loss         | 2.54        |
|    explained_variance   | 0.991       |
|    learning_rate        | 0.0003      |
|    loss                 | -0.0408     |
|    n_updates            | 350         |
|    policy_gradient_loss | -0.0273     |
|    std                  | 0.21        |
|    value_loss           | 0.00302     |
-----------------------------------------
----------------------------------------
| rollout/                |            |
|    ep_len_mean          | 300        |
|    ep_rew_mean          | 488        |
| time/                   |            |
|    fps                  | 3572       |
|    iterations           | 37         |
|    time_elapsed         | 169        |
|    total_timesteps      | 606208     |
| train/                  |            |
|    approx_kl            | 0.04439048 |
|    clip_fraction        | 0.431      |
|    clip_range           | 0.2        |
|    entropy_loss         | 2.59       |
|    explained_variance   | 0.988      |
|    learning_rate        | 0.0003     |
|    loss                 | -0.0475    |
|    n_updates            | 360        |
|    policy_gradient_loss | -0.0248    |
|    std                  | 0.21       |
|    value_loss           | 0.00292    |
----------------------------------------
-----------------------------------------
| rollout/                |             |
|    ep_len_mean          | 300         |
|    ep_rew_mean          | 485         |
| time/                   |             |
|    fps                  | 3554        |
|    iterations           | 38          |
|    time_elapsed         | 175         |
|    total_timesteps      | 622592      |
| train/                  |             |
|    approx_kl            | 0.044377714 |
|    clip_fraction        | 0.431       |
|    clip_range           | 0.2         |
|    entropy_loss         | 2.62        |
|    explained_variance   | 0.991       |
|    learning_rate        | 0.0003      |
|    loss                 | -0.0378     |
|    n_updates            | 370         |
|    policy_gradient_loss | -0.0247     |
|    std                  | 0.209       |
|    value_loss           | 0.00237     |
-----------------------------------------
-----------------------------------------
| rollout/                |             |
|    ep_len_mean          | 300         |
|    ep_rew_mean          | 491         |
| time/                   |             |
|    fps                  | 3547        |
|    iterations           | 39          |
|    time_elapsed         | 180         |
|    total_timesteps      | 638976      |
| train/                  |             |
|    approx_kl            | 0.046607632 |
|    clip_fraction        | 0.436       |
|    clip_range           | 0.2         |
|    entropy_loss         | 2.65        |
|    explained_variance   | 0.99        |
|    learning_rate        | 0.0003      |
|    loss                 | -0.0292     |
|    n_updates            | 380         |
|    policy_gradient_loss | -0.0242     |
|    std                  | 0.209       |
|    value_loss           | 0.00277     |
-----------------------------------------
----------------------------------------
| rollout/                |            |
|    ep_len_mean          | 300        |
|    ep_rew_mean          | 491        |
| time/                   |            |
|    fps                  | 3524       |
|    iterations           | 40         |
|    time_elapsed         | 185        |
|    total_timesteps      | 655360     |
| train/                  |            |
|    approx_kl            | 0.04262776 |
|    clip_fraction        | 0.436      |
|    clip_range           | 0.2        |
|    entropy_loss         | 2.69       |
|    explained_variance   | 0.989      |
|    learning_rate        | 0.0003     |
|    loss                 | -0.0426    |
|    n_updates            | 390        |
|    policy_gradient_loss | -0.0253    |
|    std                  | 0.208      |
|    value_loss           | 0.00223    |
----------------------------------------
-----------------------------------------
| rollout/                |             |
|    ep_len_mean          | 300         |
|    ep_rew_mean          | 488         |
| time/                   |             |
|    fps                  | 3505        |
|    iterations           | 41          |
|    time_elapsed         | 191         |
|    total_timesteps      | 671744      |
| train/                  |             |
|    approx_kl            | 0.047498733 |
|    clip_fraction        | 0.438       |
|    clip_range           | 0.2         |
|    entropy_loss         | 2.73        |
|    explained_variance   | 0.993       |
|    learning_rate        | 0.0003      |
|    loss                 | -0.0525     |
|    n_updates            | 400         |
|    policy_gradient_loss | -0.0263     |
|    std                  | 0.208       |
|    value_loss           | 0.00265     |
-----------------------------------------
-----------------------------------------
| rollout/                |             |
|    ep_len_mean          | 300         |
|    ep_rew_mean          | 499         |
| time/                   |             |
|    fps                  | 3499        |
|    iterations           | 42          |
|    time_elapsed         | 196         |
|    total_timesteps      | 688128      |
| train/                  |             |
|    approx_kl            | 0.044809856 |
|    clip_fraction        | 0.438       |
|    clip_range           | 0.2         |
|    entropy_loss         | 2.77        |
|    explained_variance   | 0.991       |
|    learning_rate        | 0.0003      |
|    loss                 | -0.0496     |
|    n_updates            | 410         |
|    policy_gradient_loss | -0.0249     |
|    std                  | 0.207       |
|    value_loss           | 0.00247     |
-----------------------------------------
-----------------------------------------
| rollout/                |             |
|    ep_len_mean          | 300         |
|    ep_rew_mean          | 491         |
| time/                   |             |
|    fps                  | 3497        |
|    iterations           | 43          |
|    time_elapsed         | 201         |
|    total_timesteps      | 704512      |
| train/                  |             |
|    approx_kl            | 0.047711983 |
|    clip_fraction        | 0.442       |
|    clip_range           | 0.2         |
|    entropy_loss         | 2.83        |
|    explained_variance   | 0.992       |
|    learning_rate        | 0.0003      |
|    loss                 | -0.0488     |
|    n_updates            | 420         |
|    policy_gradient_loss | -0.0232     |
|    std                  | 0.207       |
|    value_loss           | 0.00249     |
-----------------------------------------
-----------------------------------------
| rollout/                |             |
|    ep_len_mean          | 300         |
|    ep_rew_mean          | 478         |
| time/                   |             |
|    fps                  | 3491        |
|    iterations           | 44          |
|    time_elapsed         | 206         |
|    total_timesteps      | 720896      |
| train/                  |             |
|    approx_kl            | 0.048450805 |
|    clip_fraction        | 0.461       |
|    clip_range           | 0.2         |
|    entropy_loss         | 2.85        |
|    explained_variance   | 0.99        |
|    learning_rate        | 0.0003      |
|    loss                 | -0.0433     |
|    n_updates            | 430         |
|    policy_gradient_loss | -0.0236     |
|    std                  | 0.206       |
|    value_loss           | 0.00282     |
-----------------------------------------
-----------------------------------------
| rollout/                |             |
|    ep_len_mean          | 300         |
|    ep_rew_mean          | 487         |
| time/                   |             |
|    fps                  | 3490        |
|    iterations           | 45          |
|    time_elapsed         | 211         |
|    total_timesteps      | 737280      |
| train/                  |             |
|    approx_kl            | 0.047076494 |
|    clip_fraction        | 0.461       |
|    clip_range           | 0.2         |
|    entropy_loss         | 2.89        |
|    explained_variance   | 0.99        |
|    learning_rate        | 0.0003      |
|    loss                 | -0.0368     |
|    n_updates            | 440         |
|    policy_gradient_loss | -0.0236     |
|    std                  | 0.206       |
|    value_loss           | 0.00336     |
-----------------------------------------
-----------------------------------------
| rollout/                |             |
|    ep_len_mean          | 300         |
|    ep_rew_mean          | 504         |
| time/                   |             |
|    fps                  | 3489        |
|    iterations           | 46          |
|    time_elapsed         | 215         |
|    total_timesteps      | 753664      |
| train/                  |             |
|    approx_kl            | 0.047863815 |
|    clip_fraction        | 0.447       |
|    clip_range           | 0.2         |
|    entropy_loss         | 2.92        |
|    explained_variance   | 0.993       |
|    learning_rate        | 0.0003      |
|    loss                 | -0.0466     |
|    n_updates            | 450         |
|    policy_gradient_loss | -0.0251     |
|    std                  | 0.206       |
|    value_loss           | 0.00236     |
-----------------------------------------
----------------------------------------
| rollout/                |            |
|    ep_len_mean          | 300        |
|    ep_rew_mean          | 506        |
| time/                   |            |
|    fps                  | 3486       |
|    iterations           | 47         |
|    time_elapsed         | 220        |
|    total_timesteps      | 770048     |
| train/                  |            |
|    approx_kl            | 0.04928093 |
|    clip_fraction        | 0.446      |
|    clip_range           | 0.2        |
|    entropy_loss         | 2.97       |
|    explained_variance   | 0.993      |
|    learning_rate        | 0.0003     |
|    loss                 | -0.0383    |
|    n_updates            | 460        |
|    policy_gradient_loss | -0.0236    |
|    std                  | 0.205      |
|    value_loss           | 0.00198    |
----------------------------------------
-----------------------------------------
| rollout/                |             |
|    ep_len_mean          | 300         |
|    ep_rew_mean          | 502         |
| time/                   |             |
|    fps                  | 3480        |
|    iterations           | 48          |
|    time_elapsed         | 225         |
|    total_timesteps      | 786432      |
| train/                  |             |
|    approx_kl            | 0.048359893 |
|    clip_fraction        | 0.455       |
|    clip_range           | 0.2         |
|    entropy_loss         | 3.01        |
|    explained_variance   | 0.994       |
|    learning_rate        | 0.0003      |
|    loss                 | -0.0373     |
|    n_updates            | 470         |
|    policy_gradient_loss | -0.0238     |
|    std                  | 0.205       |
|    value_loss           | 0.0024      |
-----------------------------------------
----------------------------------------
| rollout/                |            |
|    ep_len_mean          | 300        |
|    ep_rew_mean          | 499        |
| time/                   |            |
|    fps                  | 3476       |
|    iterations           | 49         |
|    time_elapsed         | 230        |
|    total_timesteps      | 802816     |
| train/                  |            |
|    approx_kl            | 0.05155567 |
|    clip_fraction        | 0.461      |
|    clip_range           | 0.2        |
|    entropy_loss         | 3.05       |
|    explained_variance   | 0.992      |
|    learning_rate        | 0.0003     |
|    loss                 | -0.0329    |
|    n_updates            | 480        |
|    policy_gradient_loss | -0.0245    |
|    std                  | 0.204      |
|    value_loss           | 0.00238    |
----------------------------------------
----------------------------------------
| rollout/                |            |
|    ep_len_mean          | 300        |
|    ep_rew_mean          | 511        |
| time/                   |            |
|    fps                  | 3475       |
|    iterations           | 50         |
|    time_elapsed         | 235        |
|    total_timesteps      | 819200     |
| train/                  |            |
|    approx_kl            | 0.05164472 |
|    clip_fraction        | 0.454      |
|    clip_range           | 0.2        |
|    entropy_loss         | 3.05       |
|    explained_variance   | 0.995      |
|    learning_rate        | 0.0003     |
|    loss                 | -0.0322    |
|    n_updates            | 490        |
|    policy_gradient_loss | -0.0263    |
|    std                  | 0.204      |
|    value_loss           | 0.00232    |
----------------------------------------
----------------------------------------
| rollout/                |            |
|    ep_len_mean          | 300        |
|    ep_rew_mean          | 511        |
| time/                   |            |
|    fps                  | 3472       |
|    iterations           | 51         |
|    time_elapsed         | 240        |
|    total_timesteps      | 835584     |
| train/                  |            |
|    approx_kl            | 0.05133354 |
|    clip_fraction        | 0.455      |
|    clip_range           | 0.2        |
|    entropy_loss         | 3.07       |
|    explained_variance   | 0.993      |
|    learning_rate        | 0.0003     |
|    loss                 | -0.0336    |
|    n_updates            | 500        |
|    policy_gradient_loss | -0.0236    |
|    std                  | 0.204      |
|    value_loss           | 0.00205    |
----------------------------------------
-----------------------------------------
| rollout/                |             |
|    ep_len_mean          | 300         |
|    ep_rew_mean          | 504         |
| time/                   |             |
|    fps                  | 3468        |
|    iterations           | 52          |
|    time_elapsed         | 245         |
|    total_timesteps      | 851968      |
| train/                  |             |
|    approx_kl            | 0.052244984 |
|    clip_fraction        | 0.456       |
|    clip_range           | 0.2         |
|    entropy_loss         | 3.1         |
|    explained_variance   | 0.991       |
|    learning_rate        | 0.0003      |
|    loss                 | -0.0437     |
|    n_updates            | 510         |
|    policy_gradient_loss | -0.0255     |
|    std                  | 0.204       |
|    value_loss           | 0.00211     |
-----------------------------------------
-----------------------------------------
| rollout/                |             |
|    ep_len_mean          | 300         |
|    ep_rew_mean          | 493         |
| time/                   |             |
|    fps                  | 3466        |
|    iterations           | 53          |
|    time_elapsed         | 250         |
|    total_timesteps      | 868352      |
| train/                  |             |
|    approx_kl            | 0.053852677 |
|    clip_fraction        | 0.47        |
|    clip_range           | 0.2         |
|    entropy_loss         | 3.1         |
|    explained_variance   | 0.993       |
|    learning_rate        | 0.0003      |
|    loss                 | -0.0432     |
|    n_updates            | 520         |
|    policy_gradient_loss | -0.0252     |
|    std                  | 0.204       |
|    value_loss           | 0.00239     |
-----------------------------------------
-----------------------------------------
| rollout/                |             |
|    ep_len_mean          | 300         |
|    ep_rew_mean          | 495         |
| time/                   |             |
|    fps                  | 3464        |
|    iterations           | 54          |
|    time_elapsed         | 255         |
|    total_timesteps      | 884736      |
| train/                  |             |
|    approx_kl            | 0.050858825 |
|    clip_fraction        | 0.458       |
|    clip_range           | 0.2         |
|    entropy_loss         | 3.12        |
|    explained_variance   | 0.989       |
|    learning_rate        | 0.0003      |
|    loss                 | -0.0495     |
|    n_updates            | 530         |
|    policy_gradient_loss | -0.0242     |
|    std                  | 0.204       |
|    value_loss           | 0.00264     |
-----------------------------------------
-----------------------------------------
| rollout/                |             |
|    ep_len_mean          | 300         |
|    ep_rew_mean          | 510         |
| time/                   |             |
|    fps                  | 3462        |
|    iterations           | 55          |
|    time_elapsed         | 260         |
|    total_timesteps      | 901120      |
| train/                  |             |
|    approx_kl            | 0.050876908 |
|    clip_fraction        | 0.464       |
|    clip_range           | 0.2         |
|    entropy_loss         | 3.15        |
|    explained_variance   | 0.993       |
|    learning_rate        | 0.0003      |
|    loss                 | -0.0444     |
|    n_updates            | 540         |
|    policy_gradient_loss | -0.0245     |
|    std                  | 0.203       |
|    value_loss           | 0.00197     |
-----------------------------------------
----------------------------------------
| rollout/                |            |
|    ep_len_mean          | 300        |
|    ep_rew_mean          | 503        |
| time/                   |            |
|    fps                  | 3458       |
|    iterations           | 56         |
|    time_elapsed         | 265        |
|    total_timesteps      | 917504     |
| train/                  |            |
|    approx_kl            | 0.05194194 |
|    clip_fraction        | 0.457      |
|    clip_range           | 0.2        |
|    entropy_loss         | 3.21       |
|    explained_variance   | 0.993      |
|    learning_rate        | 0.0003     |
|    loss                 | -0.0461    |
|    n_updates            | 550        |
|    policy_gradient_loss | -0.0237    |
|    std                  | 0.202      |
|    value_loss           | 0.00211    |
----------------------------------------
-----------------------------------------
| rollout/                |             |
|    ep_len_mean          | 300         |
|    ep_rew_mean          | 513         |
| time/                   |             |
|    fps                  | 3455        |
|    iterations           | 57          |
|    time_elapsed         | 270         |
|    total_timesteps      | 933888      |
| train/                  |             |
|    approx_kl            | 0.055232145 |
|    clip_fraction        | 0.478       |
|    clip_range           | 0.2         |
|    entropy_loss         | 3.26        |
|    explained_variance   | 0.993       |
|    learning_rate        | 0.0003      |
|    loss                 | -0.0532     |
|    n_updates            | 560         |
|    policy_gradient_loss | -0.0262     |
|    std                  | 0.202       |
|    value_loss           | 0.00207     |
-----------------------------------------
----------------------------------------
| rollout/                |            |
|    ep_len_mean          | 300        |
|    ep_rew_mean          | 517        |
| time/                   |            |
|    fps                  | 3452       |
|    iterations           | 58         |
|    time_elapsed         | 275        |
|    total_timesteps      | 950272     |
| train/                  |            |
|    approx_kl            | 0.05593048 |
|    clip_fraction        | 0.47       |
|    clip_range           | 0.2        |
|    entropy_loss         | 3.31       |
|    explained_variance   | 0.995      |
|    learning_rate        | 0.0003     |
|    loss                 | -0.049     |
|    n_updates            | 570        |
|    policy_gradient_loss | -0.0253    |
|    std                  | 0.201      |
|    value_loss           | 0.00145    |
----------------------------------------
----------------------------------------
| rollout/                |            |
|    ep_len_mean          | 300        |
|    ep_rew_mean          | 517        |
| time/                   |            |
|    fps                  | 3448       |
|    iterations           | 59         |
|    time_elapsed         | 280        |
|    total_timesteps      | 966656     |
| train/                  |            |
|    approx_kl            | 0.05704187 |
|    clip_fraction        | 0.484      |
|    clip_range           | 0.2        |
|    entropy_loss         | 3.32       |
|    explained_variance   | 0.993      |
|    learning_rate        | 0.0003     |
|    loss                 | -0.0364    |
|    n_updates            | 580        |
|    policy_gradient_loss | -0.022     |
|    std                  | 0.201      |
|    value_loss           | 0.00236    |
----------------------------------------
---------------------------------------
| rollout/                |           |
|    ep_len_mean          | 300       |
|    ep_rew_mean          | 527       |
| time/                   |           |
|    fps                  | 3445      |
|    iterations           | 60        |
|    time_elapsed         | 285       |
|    total_timesteps      | 983040    |
| train/                  |           |
|    approx_kl            | 0.0549751 |
|    clip_fraction        | 0.468     |
|    clip_range           | 0.2       |
|    entropy_loss         | 3.34      |
|    explained_variance   | 0.989     |
|    learning_rate        | 0.0003    |
|    loss                 | -0.0398   |
|    n_updates            | 590       |
|    policy_gradient_loss | -0.0242   |
|    std                  | 0.201     |
|    value_loss           | 0.00198   |
---------------------------------------
----------------------------------------
| rollout/                |            |
|    ep_len_mean          | 300        |
|    ep_rew_mean          | 520        |
| time/                   |            |
|    fps                  | 3445       |
|    iterations           | 61         |
|    time_elapsed         | 290        |
|    total_timesteps      | 999424     |
| train/                  |            |
|    approx_kl            | 0.05671733 |
|    clip_fraction        | 0.479      |
|    clip_range           | 0.2        |
|    entropy_loss         | 3.36       |
|    explained_variance   | 0.995      |
|    learning_rate        | 0.0003     |
|    loss                 | -0.0477    |
|    n_updates            | 600        |
|    policy_gradient_loss | -0.0239    |
|    std                  | 0.201      |
|    value_loss           | 0.00172    |
----------------------------------------
-----------------------------------------
| rollout/                |             |
|    ep_len_mean          | 300         |
|    ep_rew_mean          | 522         |
| time/                   |             |
|    fps                  | 3441        |
|    iterations           | 62          |
|    time_elapsed         | 295         |
|    total_timesteps      | 1015808     |
| train/                  |             |
|    approx_kl            | 0.059682265 |
|    clip_fraction        | 0.489       |
|    clip_range           | 0.2         |
|    entropy_loss         | 3.39        |
|    explained_variance   | 0.993       |
|    learning_rate        | 0.0003      |
|    loss                 | -0.0319     |
|    n_updates            | 610         |
|    policy_gradient_loss | -0.025      |
|    std                  | 0.2         |
|    value_loss           | 0.00156     |
-----------------------------------------
Done in 295.9 s (3379.3 env-steps/s)
Saved policy → /Users/lukas/weird_objects/hexapod_walker/policies/walker_v2/walker_v2.zip
Saved VecNormalize stats → /Users/lukas/weird_objects/hexapod_walker/policies/walker_v2/vec_normalize.pkl
